<?xml version="1.0" encoding="UTF-8"?>
<!-- Generated by org.testng.reporters.JUnitReportReporter -->
<testsuite skipped="0" hostname="capelit55068868.inedc.corpintra.net" name="com.ebay.testscripts.DemoTest" tests="1" failures="0" timestamp="13 Feb 2019 18:11:11 GMT" time="20.658" errors="0">
  <testcase name="verifyAppInstalled" time="20.658" classname="com.ebay.testscripts.DemoTest"/>
</testsuite> <!-- com.ebay.testscripts.DemoTest -->
