<?xml version="1.0" encoding="UTF-8"?>
<!-- Generated by org.testng.reporters.JUnitReportReporter -->
<testsuite skipped="0" hostname="capelit55068868.inedc.corpintra.net" name="com.ebay.testscripts.DemoTest" tests="5" failures="0" timestamp="24 Feb 2019 16:46:13 GMT" time="139.884" errors="0">
  <testcase name="selectCountryAndRegion" time="20.272" classname="com.ebay.testscripts.DemoTest"/>
  <testcase name="verifyTrendingDealsScreen" time="34.588" classname="com.ebay.testscripts.DemoTest"/>
  <testcase name="verifySearchCategories" time="17.748" classname="com.ebay.testscripts.DemoTest"/>
  <testcase name="verifyRegisterScreenElements" time="61.054" classname="com.ebay.testscripts.DemoTest"/>
  <testcase name="verifySellingScreen" time="6.222" classname="com.ebay.testscripts.DemoTest"/>
</testsuite> <!-- com.ebay.testscripts.DemoTest -->
